{
  "stats": {
    "suites": 1,
    "tests": 1,
    "passes": 1,
    "pending": 0,
    "failures": 0,
    "start": "2025-07-09T07:10:09.749Z",
    "end": "2025-07-09T07:10:26.080Z",
    "duration": 16331,
    "testsRegistered": 1,
    "passPercent": 100,
    "pendingPercent": 0,
    "other": 0,
    "hasOther": false,
    "skipped": 0,
    "hasSkipped": false
  },
  "results": [
    {
      "uuid": "a4ef1c93-24b5-4e70-80db-836df2e21132",
      "title": "",
      "fullFile": "cypress\\e2e\\IncomeVsExpense.cy.js",
      "file": "cypress\\e2e\\IncomeVsExpense.cy.js",
      "beforeHooks": [],
      "afterHooks": [],
      "tests": [],
      "suites": [
        {
          "uuid": "286128c9-d5d5-46a9-b570-f2b301132531",
          "title": "Download Income Vs Expense Report",
          "fullFile": "",
          "file": "",
          "beforeHooks": [],
          "afterHooks": [],
          "tests": [
            {
              "title": "should click the download button",
              "fullTitle": "Download Income Vs Expense Report should click the download button",
              "timedOut": null,
              "duration": 13196,
              "state": "passed",
              "speed": "slow",
              "pass": true,
              "fail": false,
              "pending": false,
              "context": null,
              "code": "// Visit the dashboard page\ncy.visit('https://iaoai.io/hrmsv2/dashboard');\n// Navigate to the 'Income Vs Expense' report section\ncy.contains('span.dash-mtext', 'Report').click();\ncy.contains('a', 'Income Vs Expense').click();\n// Wait for the report to load \ncy.get('section.dash-container', {\n  timeout: 10000\n}).should('exist');\n// Click the download button \ncy.xpath(\"//a[@onclick='saveAsPDF()']\", {\n  timeout: 10000\n}).should('be.visible').click();\n// Set the date filters \ncy.get('#start_month').clear().type('2025-06');\ncy.get('#end_month').clear().type('2025-08');\ncy.get('.btn.btn-sm.btn-primary').eq(1).click(); // Apply the filter\n// Assertion to ensure the report reflects the filtered duration\ncy.contains('Duration').parent().should('contain.text', 'Jun-2025 to Aug-2025');",
              "err": {},
              "uuid": "df55ea1d-3a17-4bcf-8f9c-d09bce22d1a2",
              "parentUUID": "286128c9-d5d5-46a9-b570-f2b301132531",
              "isHook": false,
              "skipped": false
            }
          ],
          "suites": [],
          "passes": [
            "df55ea1d-3a17-4bcf-8f9c-d09bce22d1a2"
          ],
          "failures": [],
          "pending": [],
          "skipped": [],
          "duration": 13196,
          "root": false,
          "rootEmpty": false,
          "_timeout": 2000
        }
      ],
      "passes": [],
      "failures": [],
      "pending": [],
      "skipped": [],
      "duration": 0,
      "root": true,
      "rootEmpty": true,
      "_timeout": 2000
    }
  ],
  "meta": {
    "mocha": {
      "version": "7.2.0"
    },
    "mochawesome": {
      "options": {
        "quiet": false,
        "reportFilename": "mochawesome",
        "saveHtml": false,
        "saveJson": true,
        "consoleReporter": "spec",
        "useInlineDiffs": false,
        "code": true
      },
      "version": "7.1.3"
    },
    "marge": {
      "options": {
        "reportDir": "cypress\\reports\\.jsons",
        "overwrite": false,
        "html": false,
        "json": true
      },
      "version": "6.2.0"
    }
  }
}